<?xml version="1.0" encoding="UTF-8"?>
<!-- Generated by org.testng.reporters.JUnitReportReporter -->
<testsuite hostname="jenpc" failures="0" tests="54" name="runner.TestRunner" time="461.940" errors="0" timestamp="2023-11-09T00:13:02 CST" skipped="0">
  <testcase classname="runner.TestRunner" name="runScenario" time="3.264"/>
  <testcase classname="runner.TestRunner" name="runScenario" time="20.271"/>
  <testcase classname="runner.TestRunner" name="runScenario" time="2.271"/>
  <testcase classname="runner.TestRunner" name="runScenario" time="8.085"/>
  <testcase classname="runner.TestRunner" name="runScenario" time="2.027"/>
  <testcase classname="runner.TestRunner" name="runScenario" time="19.323"/>
  <testcase classname="runner.TestRunner" name="runScenario" time="4.123"/>
  <testcase classname="runner.TestRunner" name="runScenario" time="6.082"/>
  <testcase classname="runner.TestRunner" name="runScenario" time="12.225"/>
  <testcase classname="runner.TestRunner" name="runScenario" time="4.027"/>
  <testcase classname="runner.TestRunner" name="runScenario" time="6.719"/>
  <testcase classname="runner.TestRunner" name="runScenario" time="7.077"/>
  <testcase classname="runner.TestRunner" name="runScenario" time="4.419"/>
  <testcase classname="runner.TestRunner" name="runScenario" time="14.784"/>
  <testcase classname="runner.TestRunner" name="runScenario" time="5.318"/>
  <testcase classname="runner.TestRunner" name="runScenario" time="4.090"/>
  <testcase classname="runner.TestRunner" name="runScenario" time="9.671"/>
  <testcase classname="runner.TestRunner" name="runScenario" time="8.233"/>
  <testcase classname="runner.TestRunner" name="runScenario" time="6.407"/>
  <testcase classname="runner.TestRunner" name="runScenario" time="6.481"/>
  <testcase classname="runner.TestRunner" name="runScenario" time="4.149"/>
  <testcase classname="runner.TestRunner" name="runScenario" time="5.828"/>
  <testcase classname="runner.TestRunner" name="runScenario" time="7.408"/>
  <testcase classname="runner.TestRunner" name="runScenario" time="9.397"/>
  <testcase classname="runner.TestRunner" name="runScenario" time="9.655"/>
  <testcase classname="runner.TestRunner" name="runScenario" time="7.185"/>
  <testcase classname="runner.TestRunner" name="runScenario" time="2.752"/>
  <testcase classname="runner.TestRunner" name="runScenario" time="9.025"/>
  <testcase classname="runner.TestRunner" name="runScenario" time="5.921"/>
  <testcase classname="runner.TestRunner" name="runScenario" time="6.477"/>
  <testcase classname="runner.TestRunner" name="runScenario" time="9.804"/>
  <testcase classname="runner.TestRunner" name="runScenario" time="2.373"/>
  <testcase classname="runner.TestRunner" name="runScenario" time="5.183"/>
  <testcase classname="runner.TestRunner" name="runScenario" time="11.761"/>
  <testcase classname="runner.TestRunner" name="runScenario" time="13.224"/>
  <testcase classname="runner.TestRunner" name="runScenario" time="2.089"/>
  <testcase classname="runner.TestRunner" name="runScenario" time="7.569"/>
  <testcase classname="runner.TestRunner" name="runScenario" time="3.503"/>
  <testcase classname="runner.TestRunner" name="runScenario" time="6.192"/>
  <testcase classname="runner.TestRunner" name="runScenario" time="7.203"/>
  <testcase classname="runner.TestRunner" name="runScenario" time="18.606"/>
  <testcase classname="runner.TestRunner" name="runScenario" time="12.777"/>
  <testcase classname="runner.TestRunner" name="runScenario" time="9.601"/>
  <testcase classname="runner.TestRunner" name="runScenario" time="5.648"/>
  <testcase classname="runner.TestRunner" name="runScenario" time="45.354"/>
  <testcase classname="runner.TestRunner" name="runScenario" time="6.463"/>
  <testcase classname="runner.TestRunner" name="runScenario" time="11.013"/>
  <testcase classname="runner.TestRunner" name="runScenario" time="21.283"/>
  <testcase classname="runner.TestRunner" name="runScenario" time="11.459"/>
  <testcase classname="runner.TestRunner" name="runScenario" time="5.242"/>
  <testcase classname="runner.TestRunner" name="runScenario" time="3.891"/>
  <testcase classname="runner.TestRunner" name="runScenario" time="4.746"/>
  <testcase classname="runner.TestRunner" name="runScenario" time="8.775"/>
  <testcase classname="runner.TestRunner" name="runScenario" time="5.487"/>
</testsuite> <!-- runner.TestRunner -->
