<?xml version="1.0" encoding="UTF-8"?>
<!-- Generated by org.testng.reporters.JUnitReportReporter -->
<testsuite hostname="DESKTOP-792N559" failures="0" tests="54" name="runner.TestRunner" time="529.478" errors="0" timestamp="2023-11-06T21:37:51 PST" skipped="0">
  <testcase classname="runner.TestRunner" name="runScenario" time="5.034"/>
  <testcase classname="runner.TestRunner" name="runScenario" time="4.271"/>
  <testcase classname="runner.TestRunner" name="runScenario" time="6.264"/>
  <testcase classname="runner.TestRunner" name="runScenario" time="9.191"/>
  <testcase classname="runner.TestRunner" name="runScenario" time="9.095"/>
  <testcase classname="runner.TestRunner" name="runScenario" time="5.838"/>
  <testcase classname="runner.TestRunner" name="runScenario" time="13.029"/>
  <testcase classname="runner.TestRunner" name="runScenario" time="26.402"/>
  <testcase classname="runner.TestRunner" name="runScenario" time="2.503"/>
  <testcase classname="runner.TestRunner" name="runScenario" time="8.702"/>
  <testcase classname="runner.TestRunner" name="runScenario" time="16.153"/>
  <testcase classname="runner.TestRunner" name="runScenario" time="8.594"/>
  <testcase classname="runner.TestRunner" name="runScenario" time="2.786"/>
  <testcase classname="runner.TestRunner" name="runScenario" time="10.040"/>
  <testcase classname="runner.TestRunner" name="runScenario" time="11.099"/>
  <testcase classname="runner.TestRunner" name="runScenario" time="9.651"/>
  <testcase classname="runner.TestRunner" name="runScenario" time="10.793"/>
  <testcase classname="runner.TestRunner" name="runScenario" time="10.680"/>
  <testcase classname="runner.TestRunner" name="runScenario" time="9.375"/>
  <testcase classname="runner.TestRunner" name="runScenario" time="6.944"/>
  <testcase classname="runner.TestRunner" name="runScenario" time="27.189"/>
  <testcase classname="runner.TestRunner" name="runScenario" time="3.948"/>
  <testcase classname="runner.TestRunner" name="runScenario" time="14.894"/>
  <testcase classname="runner.TestRunner" name="runScenario" time="7.365"/>
  <testcase classname="runner.TestRunner" name="runScenario" time="24.326"/>
  <testcase classname="runner.TestRunner" name="runScenario" time="8.023"/>
  <testcase classname="runner.TestRunner" name="runScenario" time="6.591"/>
  <testcase classname="runner.TestRunner" name="runScenario" time="4.759"/>
  <testcase classname="runner.TestRunner" name="runScenario" time="5.820"/>
  <testcase classname="runner.TestRunner" name="runScenario" time="5.119"/>
  <testcase classname="runner.TestRunner" name="runScenario" time="2.626"/>
  <testcase classname="runner.TestRunner" name="runScenario" time="7.995"/>
  <testcase classname="runner.TestRunner" name="runScenario" time="9.126"/>
  <testcase classname="runner.TestRunner" name="runScenario" time="5.716"/>
  <testcase classname="runner.TestRunner" name="runScenario" time="7.452"/>
  <testcase classname="runner.TestRunner" name="runScenario" time="22.641"/>
  <testcase classname="runner.TestRunner" name="runScenario" time="8.654"/>
  <testcase classname="runner.TestRunner" name="runScenario" time="15.439"/>
  <testcase classname="runner.TestRunner" name="runScenario" time="4.550"/>
  <testcase classname="runner.TestRunner" name="runScenario" time="12.420"/>
  <testcase classname="runner.TestRunner" name="runScenario" time="14.996"/>
  <testcase classname="runner.TestRunner" name="runScenario" time="11.754"/>
  <testcase classname="runner.TestRunner" name="runScenario" time="5.993"/>
  <testcase classname="runner.TestRunner" name="runScenario" time="18.217"/>
  <testcase classname="runner.TestRunner" name="runScenario" time="2.652"/>
  <testcase classname="runner.TestRunner" name="runScenario" time="7.637"/>
  <testcase classname="runner.TestRunner" name="runScenario" time="6.104"/>
  <testcase classname="runner.TestRunner" name="runScenario" time="19.428"/>
  <testcase classname="runner.TestRunner" name="runScenario" time="4.142"/>
  <testcase classname="runner.TestRunner" name="runScenario" time="12.346"/>
  <testcase classname="runner.TestRunner" name="runScenario" time="10.140"/>
  <testcase classname="runner.TestRunner" name="runScenario" time="7.474"/>
  <testcase classname="runner.TestRunner" name="runScenario" time="4.895"/>
  <testcase classname="runner.TestRunner" name="runScenario" time="12.603"/>
</testsuite> <!-- runner.TestRunner -->
