<?xml version="1.0" encoding="UTF-8"?>
<!-- Generated by org.testng.reporters.JUnitReportReporter -->
<testsuite hostname="LAPTOP-F182V4GL" failures="0" tests="21" name="runner.TestRunner" time="583.390" errors="0" timestamp="2023-11-06T09:23:32 PST" skipped="0">
  <testcase classname="runner.TestRunner" name="runScenario" time="21.970"/>
  <testcase classname="runner.TestRunner" name="runScenario" time="39.318"/>
  <testcase classname="runner.TestRunner" name="runScenario" time="24.360"/>
  <testcase classname="runner.TestRunner" name="runScenario" time="14.338"/>
  <testcase classname="runner.TestRunner" name="runScenario" time="24.974"/>
  <testcase classname="runner.TestRunner" name="runScenario" time="34.821"/>
  <testcase classname="runner.TestRunner" name="runScenario" time="30.470"/>
  <testcase classname="runner.TestRunner" name="runScenario" time="46.104"/>
  <testcase classname="runner.TestRunner" name="runScenario" time="7.578"/>
  <testcase classname="runner.TestRunner" name="runScenario" time="30.111"/>
  <testcase classname="runner.TestRunner" name="runScenario" time="40.559"/>
  <testcase classname="runner.TestRunner" name="runScenario" time="41.655"/>
  <testcase classname="runner.TestRunner" name="runScenario" time="47.787"/>
  <testcase classname="runner.TestRunner" name="runScenario" time="18.468"/>
  <testcase classname="runner.TestRunner" name="runScenario" time="49.623"/>
  <testcase classname="runner.TestRunner" name="runScenario" time="9.680"/>
  <testcase classname="runner.TestRunner" name="runScenario" time="23.002"/>
  <testcase classname="runner.TestRunner" name="runScenario" time="24.084"/>
  <testcase classname="runner.TestRunner" name="runScenario" time="17.516"/>
  <testcase classname="runner.TestRunner" name="runScenario" time="17.344"/>
  <testcase classname="runner.TestRunner" name="runScenario" time="19.628"/>
</testsuite> <!-- runner.TestRunner -->
