<?xml version="1.0" encoding="UTF-8"?>
<!-- Generated by org.testng.reporters.JUnitReportReporter -->
<testsuite hostname="DESKTOP-792N559" failures="0" tests="3" name="runner.TestRunner" time="50.227" errors="0" timestamp="2023-11-15T15:49:49 PST" skipped="0">
  <testcase classname="runner.TestRunner" name="runScenario" time="20.579"/>
  <testcase classname="runner.TestRunner" name="runScenario" time="14.545"/>
  <testcase classname="runner.TestRunner" name="runScenario" time="15.103"/>
</testsuite> <!-- runner.TestRunner -->
